<?xml version="1.0" encoding="UTF-8"?>
<testng-results skipped="0" failed="0" ignored="0" total="1" passed="1">
  <reporter-output>
  </reporter-output>
  <suite name="Default suite" duration-ms="172" started-at="2022-03-14T05:56:16Z" finished-at="2022-03-14T05:56:17Z">
    <groups>
    </groups>
    <test name="Default test" duration-ms="172" started-at="2022-03-14T05:56:16Z" finished-at="2022-03-14T05:56:17Z">
      <class name="org.bb.Sample">
        <test-method status="PASS" signature="test1()[pri:0, instance:org.bb.Sample@1794d431]" name="test1" duration-ms="47" started-at="2022-03-14T05:56:16Z" finished-at="2022-03-14T05:56:17Z">
          <reporter-output>
          </reporter-output>
        </test-method> <!-- test1 -->
      </class> <!-- org.bb.Sample -->
    </test> <!-- Default test -->
  </suite> <!-- Default suite -->
</testng-results>
